[debug] [2022-12-11T17:17:24.026Z] ----------------------------------------------------------------------
[debug] [2022-12-11T17:17:24.030Z] Command:       C:\Program Files\nodejs\node.exe C:\Users\Computer Solution\AppData\Roaming\npm\node_modules\firebase-tools\lib\bin\firebase.js init
[debug] [2022-12-11T17:17:24.031Z] CLI Version:   11.17.0
[debug] [2022-12-11T17:17:24.031Z] Platform:      win32
[debug] [2022-12-11T17:17:24.031Z] Node Version:  v16.17.0
[debug] [2022-12-11T17:17:24.049Z] Time:          Sun Dec 11 2022 23:17:24 GMT+0600 (Bangladesh Standard Time)
[debug] [2022-12-11T17:17:24.050Z] ----------------------------------------------------------------------
[debug] 
[debug] [2022-12-11T17:17:24.191Z] > command requires scopes: ["email","openid","https://www.googleapis.com/auth/cloudplatformprojects.readonly","https://www.googleapis.com/auth/firebase","https://www.googleapis.com/auth/cloud-platform"]
[debug] [2022-12-11T17:17:24.192Z] > authorizing via signed-in user (ommesalma858@gmail.com)
[info] 
     ######## #### ########  ######## ########     ###     ######  ########
     ##        ##  ##     ## ##       ##     ##  ##   ##  ##       ##
     ######    ##  ########  ######   ########  #########  ######  ######
     ##        ##  ##    ##  ##       ##     ## ##     ##       ## ##
     ##       #### ##     ## ######## ########  ##     ##  ######  ########

You're about to initialize a Firebase project in this directory:

  C:\project\wedding-photographer-client

Before we get started, keep in mind:

  * You are currently outside your home directory
  * You are initializing within an existing Firebase project directory

[info] 
=== Project Setup
[info] 
[info] First, let's associate this project directory with a Firebase project.
[info] You can create multiple project aliases by running firebase use --add, 
[info] but for now we'll just set up a default project.
[info] 
[debug] [2022-12-11T17:17:35.813Z] Using project from CLI flag: wedding-photo-a24f5
[debug] [2022-12-11T17:17:35.829Z] >>> [apiv2][query] GET https://firebase.googleapis.com/v1beta1/projects/wedding-photo-a24f5 [none]
[debug] [2022-12-11T17:17:36.526Z] <<< [apiv2][status] GET https://firebase.googleapis.com/v1beta1/projects/wedding-photo-a24f5 403
[debug] [2022-12-11T17:17:36.526Z] <<< [apiv2][body] GET https://firebase.googleapis.com/v1beta1/projects/wedding-photo-a24f5 {"error":{"code":403,"message":"The caller does not have permission","status":"PERMISSION_DENIED"}}
[debug] [2022-12-11T17:17:36.527Z] HTTP Error: 403, The caller does not have permission
[debug] [2022-12-11T17:17:36.732Z] FirebaseError: HTTP Error: 403, The caller does not have permission
    at responseToError (C:\Users\Computer Solution\AppData\Roaming\npm\node_modules\firebase-tools\lib\responseToError.js:49:12)
    at RetryOperation._fn (C:\Users\Computer Solution\AppData\Roaming\npm\node_modules\firebase-tools\lib\apiv2.js:288:77)
    at processTicksAndRejections (node:internal/process/task_queues:96:5)
[error] 
[error] Error: Failed to get Firebase project wedding-photo-a24f5. Please make sure the project exists and your account has permission to access it.
